# JRE version: Java(TM) SE Runtime Environment (8.0_162-b12) (build 1.8.0_162-b12)
# Java VM: Java HotSpot(TM) 64-Bit Server VM (25.162-b12 mixed mode windows-amd64 compressed oops)
Heap:
 PSYoungGen      total 504320K, used 434683K [0x00000000d5f00000, 0x00000000f6680000, 0x0000000100000000)
  eden space 484352K, 89% used [0x00000000d5f00000,0x00000000f077ef80,0x00000000f3800000)
  from space 19968K, 0% used [0x00000000f4b80000,0x00000000f4b80000,0x00000000f5f00000)
  to   space 19968K, 0% used [0x00000000f3800000,0x00000000f3800000,0x00000000f4b80000)
 ParOldGen       total 146944K, used 45583K [0x0000000081c00000, 0x000000008ab80000, 0x00000000d5f00000)
  object space 146944K, 31% used [0x0000000081c00000,0x0000000084883f90,0x000000008ab80000)
 Metaspace       used 68022K, capacity 72048K, committed 72104K, reserved 1112064K
  class space    used 9160K, capacity 9845K, committed 9896K, reserved 1048576K
GC Heap History (10 events):
Event: 11.962 GC heap before
{Heap before GC invocations=15 (full 2):
 PSYoungGen      total 300032K, used 299489K [0x00000000d5f00000, 0x00000000e9980000, 0x0000000100000000)
  eden space 290304K, 100% used [0x00000000d5f00000,0x00000000e7a80000,0x00000000e7a80000)
  from space 9728K, 94% used [0x00000000e9000000,0x00000000e98f8448,0x00000000e9980000)
  to   space 15872K, 0% used [0x00000000e7a80000,0x00000000e7a80000,0x00000000e8a00000)
 ParOldGen       total 97280K, used 27196K [0x0000000081c00000, 0x0000000087b00000, 0x00000000d5f00000)
  object space 97280K, 27% used [0x0000000081c00000,0x000000008368f338,0x0000000087b00000)
 Metaspace       used 46491K, capacity 48626K, committed 48680K, reserved 1091584K
  class space    used 6240K, capacity 6665K, committed 6696K, reserved 1048576K
Event: 11.980 GC heap after
Heap after GC invocations=15 (full 2):
 PSYoungGen      total 306176K, used 10297K [0x00000000d5f00000, 0x00000000ef200000, 0x0000000100000000)
  eden space 290304K, 0% used [0x00000000d5f00000,0x00000000d5f00000,0x00000000e7a80000)
  from space 15872K, 64% used [0x00000000e7a80000,0x00000000e848e668,0x00000000e8a00000)
  to   space 15872K, 0% used [0x00000000ee280000,0x00000000ee280000,0x00000000ef200000)
 ParOldGen       total 97280K, used 27212K [0x0000000081c00000, 0x0000000087b00000, 0x00000000d5f00000)
  object space 97280K, 27% used [0x0000000081c00000,0x0000000083693338,0x0000000087b00000)
 Metaspace       used 46491K, capacity 48626K, committed 48680K, reserved 1091584K
  class space    used 6240K, capacity 6665K, committed 6696K, reserved 1048576K
}
Event: 13.191 GC heap before
{Heap before GC invocations=16 (full 2):
 PSYoungGen      total 306176K, used 300601K [0x00000000d5f00000, 0x00000000ef200000, 0x0000000100000000)
  eden space 290304K, 100% used [0x00000000d5f00000,0x00000000e7a80000,0x00000000e7a80000)
  from space 15872K, 64% used [0x00000000e7a80000,0x00000000e848e668,0x00000000e8a00000)
  to   space 15872K, 0% used [0x00000000ee280000,0x00000000ee280000,0x00000000ef200000)
 ParOldGen       total 97280K, used 27212K [0x0000000081c00000, 0x0000000087b00000, 0x00000000d5f00000)
  object space 97280K, 27% used [0x0000000081c00000,0x0000000083693338,0x0000000087b00000)
 Metaspace       used 49571K, capacity 52150K, committed 52392K, reserved 1095680K
  class space    used 6593K, capacity 7061K, committed 7080K, reserved 1048576K
Event: 13.202 GC heap after
Heap after GC invocations=16 (full 2):
 PSYoungGen      total 390144K, used 12952K [0x00000000d5f00000, 0x00000000eef80000, 0x0000000100000000)
  eden space 376832K, 0% used [0x00000000d5f00000,0x00000000d5f00000,0x00000000ecf00000)
  from space 13312K, 97% used [0x00000000ee280000,0x00000000eef261e0,0x00000000eef80000)
  to   space 16384K, 0% used [0x00000000ecf80000,0x00000000ecf80000,0x00000000edf80000)
 ParOldGen       total 97280K, used 31979K [0x0000000081c00000, 0x0000000087b00000, 0x00000000d5f00000)
  object space 97280K, 32% used [0x0000000081c00000,0x0000000083b3ac98,0x0000000087b00000)
 Metaspace       used 49571K, capacity 52150K, committed 52392K, reserved 1095680K
  class space    used 6593K, capacity 7061K, committed 7080K, reserved 1048576K
}
Event: 14.820 GC heap before
{Heap before GC invocations=17 (full 2):
 PSYoungGen      total 390144K, used 389784K [0x00000000d5f00000, 0x00000000eef80000, 0x0000000100000000)
  eden space 376832K, 100% used [0x00000000d5f00000,0x00000000ecf00000,0x00000000ecf00000)
  from space 13312K, 97% used [0x00000000ee280000,0x00000000eef261e0,0x00000000eef80000)
  to   space 16384K, 0% used [0x00000000ecf80000,0x00000000ecf80000,0x00000000edf80000)
 ParOldGen       total 97280K, used 31979K [0x0000000081c00000, 0x0000000087b00000, 0x00000000d5f00000)
  object space 97280K, 32% used [0x0000000081c00000,0x0000000083b3ac98,0x0000000087b00000)
 Metaspace       used 53525K, capacity 56486K, committed 56616K, reserved 1097728K
  class space    used 7202K, capacity 7718K, committed 7720K, reserved 1048576K
Event: 14.835 GC heap after
Heap after GC invocations=17 (full 2):
 PSYoungGen      total 393728K, used 16359K [0x00000000d5f00000, 0x00000000f5f00000, 0x0000000100000000)
  eden space 377344K, 0% used [0x00000000d5f00000,0x00000000d5f00000,0x00000000ecf80000)
  from space 16384K, 99% used [0x00000000ecf80000,0x00000000edf79fb0,0x00000000edf80000)
  to   space 19968K, 0% used [0x00000000f4b80000,0x00000000f4b80000,0x00000000f5f00000)
 ParOldGen       total 97280K, used 36485K [0x0000000081c00000, 0x0000000087b00000, 0x00000000d5f00000)
  object space 97280K, 37% used [0x0000000081c00000,0x0000000083fa16f8,0x0000000087b00000)
 Metaspace       used 53525K, capacity 56486K, committed 56616K, reserved 1097728K
  class space    used 7202K, capacity 7718K, committed 7720K, reserved 1048576K
}
Event: 15.439 GC heap before
{Heap before GC invocations=18 (full 2):
 PSYoungGen      total 393728K, used 70734K [0x00000000d5f00000, 0x00000000f5f00000, 0x0000000100000000)
  eden space 377344K, 14% used [0x00000000d5f00000,0x00000000d94199c8,0x00000000ecf80000)
  from space 16384K, 99% used [0x00000000ecf80000,0x00000000edf79fb0,0x00000000edf80000)
  to   space 19968K, 0% used [0x00000000f4b80000,0x00000000f4b80000,0x00000000f5f00000)
 ParOldGen       total 97280K, used 36485K [0x0000000081c00000, 0x0000000087b00000, 0x00000000d5f00000)
  object space 97280K, 37% used [0x0000000081c00000,0x0000000083fa16f8,0x0000000087b00000)
 Metaspace       used 56113K, capacity 59042K, committed 59160K, reserved 1099776K
  class space    used 7519K, capacity 8036K, committed 8104K, reserved 1048576K
Event: 15.450 GC heap after
Heap after GC invocations=18 (full 2):
 PSYoungGen      total 504320K, used 4470K [0x00000000d5f00000, 0x00000000f6680000, 0x0000000100000000)
  eden space 484352K, 0% used [0x00000000d5f00000,0x00000000d5f00000,0x00000000f3800000)
  from space 19968K, 22% used [0x00000000f4b80000,0x00000000f4fddaf8,0x00000000f5f00000)
  to   space 19968K, 0% used [0x00000000f3800000,0x00000000f3800000,0x00000000f4b80000)
 ParOldGen       total 97280K, used 50110K [0x0000000081c00000, 0x0000000087b00000, 0x00000000d5f00000)
  object space 97280K, 51% used [0x0000000081c00000,0x0000000084cef8a8,0x0000000087b00000)
 Metaspace       used 56113K, capacity 59042K, committed 59160K, reserved 1099776K
  class space    used 7519K, capacity 8036K, committed 8104K, reserved 1048576K
}
Event: 15.450 GC heap before
{Heap before GC invocations=19 (full 3):
 PSYoungGen      total 504320K, used 4470K [0x00000000d5f00000, 0x00000000f6680000, 0x0000000100000000)
  eden space 484352K, 0% used [0x00000000d5f00000,0x00000000d5f00000,0x00000000f3800000)
  from space 19968K, 22% used [0x00000000f4b80000,0x00000000f4fddaf8,0x00000000f5f00000)
  to   space 19968K, 0% used [0x00000000f3800000,0x00000000f3800000,0x00000000f4b80000)
 ParOldGen       total 97280K, used 50110K [0x0000000081c00000, 0x0000000087b00000, 0x00000000d5f00000)
  object space 97280K, 51% used [0x0000000081c00000,0x0000000084cef8a8,0x0000000087b00000)
 Metaspace       used 56113K, capacity 59042K, committed 59160K, reserved 1099776K
  class space    used 7519K, capacity 8036K, committed 8104K, reserved 1048576K
Event: 15.745 GC heap after
Heap after GC invocations=19 (full 3):
 PSYoungGen      total 504320K, used 0K [0x00000000d5f00000, 0x00000000f6680000, 0x0000000100000000)
  eden space 484352K, 0% used [0x00000000d5f00000,0x00000000d5f00000,0x00000000f3800000)
  from space 19968K, 0% used [0x00000000f4b80000,0x00000000f4b80000,0x00000000f5f00000)
  to   space 19968K, 0% used [0x00000000f3800000,0x00000000f3800000,0x00000000f4b80000)
 ParOldGen       total 146944K, used 45583K [0x0000000081c00000, 0x000000008ab80000, 0x00000000d5f00000)
  object space 146944K, 31% used [0x0000000081c00000,0x0000000084883f90,0x000000008ab80000)
 Metaspace       used 56113K, capacity 59042K, committed 59160K, reserved 1099776K
  class space    used 7519K, capacity 8036K, committed 8104K, reserved 1048576K
}

